<?xml version="1.0" encoding="UTF-8"?>
<testsuite xmlns:xsi="http://www.w3.org/2001/XMLSchema-instance" xsi:noNamespaceSchemaLocation="https://maven.apache.org/surefire/maven-surefire-plugin/xsd/surefire-test-report.xsd" name="com.mycompany.tddpruebas.CocheTest" time="0.148" tests="3" errors="0" skipped="0" failures="0">
  <properties>
[...]
</properties>
  <testcase name="testPrecioFinal" classname="com.mycompany.tddpruebas.CocheTest" time="0.081"/>
  <testcase name="testPrecioFinal_DescuentoInvalido" classname="com.mycompany.tddpruebas.CocheTest" time="0.006"/>
  <testcase name="testPrecioFinal_CarroBaratoSinDescuento" classname="com.mycompany.tddpruebas.CocheTest" time="0"/>
</testsuite>